<?xml version="1.0" encoding="UTF-8"?>
<robot generator="Robot 3.2.2 (Python 3.9.1 on win32)" generated="20210214 08:45:16.500" rpa="false">
<suite id="s1" name="TestSuit" source="C:\Users\Satyam kumar\eclipse-workspace\Robot_Frameork\RobotProject1\test\TestSuit.robot">
<kw name="OpenBrowserKeyword" type="setup">
<kw name="Open Browser" library="SeleniumLibrary">
<doc>Opens a new browser instance to the optional ``url``.</doc>
<arguments>
<arg>${URL}</arg>
<arg>chrome</arg>
</arguments>
<msg timestamp="20210214 08:45:17.229" level="INFO">Opening browser 'chrome' to base url 'https://opensource-demo.orangehrmlive.com/'.</msg>
<status status="PASS" starttime="20210214 08:45:17.229" endtime="20210214 08:45:26.831"></status>
</kw>
<status status="PASS" starttime="20210214 08:45:17.227" endtime="20210214 08:45:26.831"></status>
</kw>
<test id="s1-t1" name="MyFirstTest">
<kw name="Log" library="BuiltIn">
<doc>Logs the given message with the given level.</doc>
<arguments>
<arg>Hello World1</arg>
</arguments>
<msg timestamp="20210214 08:45:26.836" level="INFO">Hello World1</msg>
<status status="PASS" starttime="20210214 08:45:26.835" endtime="20210214 08:45:26.836"></status>
</kw>
<tags>
<tag>smoke</tag>
</tags>
<status status="PASS" starttime="20210214 08:45:26.832" endtime="20210214 08:45:26.837" critical="yes"></status>
</test>
<kw name="CloseBrowserKeyword" type="teardown">
<kw name="Close Browser" library="SeleniumLibrary">
<doc>Closes the current browser.</doc>
<status status="PASS" starttime="20210214 08:45:26.842" endtime="20210214 08:45:29.255"></status>
</kw>
<status status="PASS" starttime="20210214 08:45:26.841" endtime="20210214 08:45:29.256"></status>
</kw>
<status status="PASS" starttime="20210214 08:45:16.505" endtime="20210214 08:45:29.256"></status>
</suite>
<statistics>
<total>
<stat pass="1" fail="0">Critical Tests</stat>
<stat pass="1" fail="0">All Tests</stat>
</total>
<tag>
<stat pass="1" fail="0">smoke</stat>
</tag>
<suite>
<stat pass="1" fail="0" id="s1" name="TestSuit">TestSuit</stat>
</suite>
</statistics>
<errors>
</errors>
</robot>
